New log file opened at Tue Mar 01 15:08:44 GMT 2016 by 6356@DESKTOP-7UG7O8D
jvm 6356@DESKTOP-7UG7O8D
jvm vmName=Java HotSpot(TM) Client VM vmVendor=Oracle Corporation vmVersion=25.66-b18
jvm specName=Java Virtual Machine Specification specVendor=Oracle Corporation specVersion=1.8
jvm arguments: [-Xms256m, -Xmx1024m, -XX:MetaspaceSize=64m, -XX:MaxMetaspaceSize=256m]
Starting event engine
Starting sbt command engine
Waiting for sbt command engine
Command engine arguments=List()
Command engine baseDirectory=C:\Users\pc\dev\fyp\FYP-Geo-Tagging-Service
Command engine initial remaining commands List(--initialize, onFailure load-failed, boot, server-send-ready-for-request, server-handle-next-server-request)
> --initialize
> initialize
> onFailure load-failed
> boot
> reload
[Loading] Scanning directory C:\Users\pc\dev\fyp\FYP-Geo-Tagging-Service\project
[Loading] Found non-root projects 
[Loading] Done in C:\Users\pc\dev\fyp\FYP-Geo-Tagging-Service\project, returning: ()
deducing auto plugins based on known facts Set(Atom(sbt.plugins.CorePlugin)) and clauses Clauses(List(Clause(Atom(sbt.plugins.JvmPlugin),Set(Atom(sbt.plugins.IvyPlugin))), Clause(Atom(sbt.plugins.JUnitXmlReportPlugin),Set(Atom(sbt.plugins.JvmPlugin))), Clause(Atom(sbt.plugins.CorePlugin),Set(Atom(sbt.plugins.IvyPlugin))), Clause(Atom(sbt.plugins.IvyPlugin),Set(Atom(sbt.plugins.JvmPlugin))), Clause(Atom(sbt.plugins.JvmPlugin),Set(Atom(sbt.plugins.JUnitXmlReportPlugin)))))
  :: deduced result: Matched(sbt.plugins.CorePlugin,sbt.plugins.IvyPlugin,sbt.plugins.JvmPlugin,sbt.plugins.JUnitXmlReportPlugin)
sorting: ns: List(sbt.plugins.CorePlugin, sbt.plugins.IvyPlugin, sbt.plugins.JvmPlugin, sbt.plugins.JUnitXmlReportPlugin)
  :: sorting:: found: List(sbt.plugins.CorePlugin) not found List(sbt.plugins.IvyPlugin, sbt.plugins.JvmPlugin, sbt.plugins.JUnitXmlReportPlugin)
  :: sorting:: found: List(sbt.plugins.CorePlugin, sbt.plugins.IvyPlugin) not found List(sbt.plugins.JvmPlugin, sbt.plugins.JUnitXmlReportPlugin)
  :: sorting:: found: List(sbt.plugins.CorePlugin, sbt.plugins.IvyPlugin, sbt.plugins.JvmPlugin) not found List(sbt.plugins.JUnitXmlReportPlugin)
  :: sorting:: found: List(sbt.plugins.CorePlugin, sbt.plugins.IvyPlugin, sbt.plugins.JvmPlugin, sbt.plugins.JUnitXmlReportPlugin) not found List()
  :: sorted deduced result: List(sbt.plugins.CorePlugin, sbt.plugins.IvyPlugin, sbt.plugins.JvmPlugin, sbt.plugins.JUnitXmlReportPlugin)
[Loading] Done in C:\Users\pc\dev\fyp\FYP-Geo-Tagging-Service\project, returning: (fyp-geo-tagging-service-build)
Loading project definition from C:\Users\pc\dev\fyp\FYP-Geo-Tagging-Service\project
Running task... Cancel: sbt.TaskCancellationStrategy$Null$@41c0e6, check cycles: false

Initial source changes: 
	removed:Set()
	added: Set()
	modified: Set()
Removed products: Set()
External API changes: API Changes: Set()
Modified binary dependencies: Set()
Initial directly invalidated sources: Set()

Sources indirectly invalidated by:
	product: Set()
	binary dep: Set()
	external source: Set()
All initially invalidated sources: Set()

Copy resource mappings: 
	
[Loading] Scanning directory C:\Users\pc\dev\fyp\FYP-Geo-Tagging-Service
[Loading] Found non-root projects 
[Loading] Done in C:\Users\pc\dev\fyp\FYP-Geo-Tagging-Service, returning: ()
deducing auto plugins based on known facts Set(Atom(sbt.plugins.CorePlugin)) and clauses Clauses(List(Clause(Atom(sbt.plugins.JvmPlugin),Set(Atom(sbt.plugins.IvyPlugin))), Clause(Atom(sbt.plugins.JUnitXmlReportPlugin),Set(Atom(sbt.plugins.JvmPlugin))), Clause(Atom(sbt.plugins.BackgroundRunPlugin),Set(Atom(sbt.plugins.JvmPlugin))), Clause(Atom(sbt.plugins.CorePlugin),Set(Atom(sbt.plugins.IvyPlugin))), Clause(Atom(sbt.plugins.IvyPlugin),Set(Atom(sbt.plugins.JvmPlugin))), Clause(Atom(sbt.plugins.JvmPlugin),Set(Atom(sbt.plugins.JUnitXmlReportPlugin))), Clause(Atom(sbt.plugins.JvmPlugin),Set(Atom(sbt.plugins.BackgroundRunPlugin))), Clause(Atom(sbt.plugins.CorePlugin),Set(Atom(sbt.plugins.InteractionServicePlugin))), Clause(Atom(sbt.plugins.CorePlugin),Set(Atom(sbt.plugins.SendEventServicePlugin))), Clause(Atom(sbt.plugins.CorePlugin),Set(Atom(sbt.plugins.SerializersPlugin)))))
  :: deduced result: Matched(sbt.plugins.CorePlugin,sbt.plugins.SerializersPlugin,sbt.plugins.SendEventServicePlugin,sbt.plugins.InteractionServicePlugin,sbt.plugins.IvyPlugin,sbt.plugins.JvmPlugin,sbt.plugins.BackgroundRunPlugin,sbt.plugins.JUnitXmlReportPlugin)
sorting: ns: List(sbt.plugins.CorePlugin, sbt.plugins.SerializersPlugin, sbt.plugins.SendEventServicePlugin, sbt.plugins.InteractionServicePlugin, sbt.plugins.IvyPlugin, sbt.plugins.JvmPlugin, sbt.plugins.BackgroundRunPlugin, sbt.plugins.JUnitXmlReportPlugin)
  :: sorting:: found: List(sbt.plugins.CorePlugin) not found List(sbt.plugins.SerializersPlugin, sbt.plugins.SendEventServicePlugin, sbt.plugins.InteractionServicePlugin, sbt.plugins.IvyPlugin, sbt.plugins.JvmPlugin, sbt.plugins.BackgroundRunPlugin, sbt.plugins.JUnitXmlReportPlugin)
  :: sorting:: found: List(sbt.plugins.CorePlugin, sbt.plugins.SerializersPlugin, sbt.plugins.SendEventServicePlugin, sbt.plugins.InteractionServicePlugin, sbt.plugins.IvyPlugin) not found List(sbt.plugins.JvmPlugin, sbt.plugins.BackgroundRunPlugin, sbt.plugins.JUnitXmlReportPlugin)
  :: sorting:: found: List(sbt.plugins.CorePlugin, sbt.plugins.SerializersPlugin, sbt.plugins.SendEventServicePlugin, sbt.plugins.InteractionServicePlugin, sbt.plugins.IvyPlugin, sbt.plugins.JvmPlugin) not found List(sbt.plugins.BackgroundRunPlugin, sbt.plugins.JUnitXmlReportPlugin)
  :: sorting:: found: List(sbt.plugins.CorePlugin, sbt.plugins.SerializersPlugin, sbt.plugins.SendEventServicePlugin, sbt.plugins.InteractionServicePlugin, sbt.plugins.IvyPlugin, sbt.plugins.JvmPlugin, sbt.plugins.BackgroundRunPlugin, sbt.plugins.JUnitXmlReportPlugin) not found List()
  :: sorted deduced result: List(sbt.plugins.CorePlugin, sbt.plugins.SerializersPlugin, sbt.plugins.SendEventServicePlugin, sbt.plugins.InteractionServicePlugin, sbt.plugins.IvyPlugin, sbt.plugins.JvmPlugin, sbt.plugins.BackgroundRunPlugin, sbt.plugins.JUnitXmlReportPlugin)
[Loading] Done in C:\Users\pc\dev\fyp\FYP-Geo-Tagging-Service, returning: (fyp-geo-tagging-service)
Set current project to FYP-Geo-Tagging-Service (in build file:/C:/Users/pc/dev/fyp/FYP-Geo-Tagging-Service/)
Reapplying settings...
Set current project to FYP-Geo-Tagging-Service (in build file:/C:/Users/pc/dev/fyp/FYP-Geo-Tagging-Service/)
> iflast shell
> server-send-ready-for-request
> server-handle-next-server-request
> compile
Evaluating tasks: compile:compile
Running task... Cancel: sbt.server.ServerTaskCancellation@16b2dc1, check cycles: false

Initial source changes: 
	removed:Set()
	added: Set()
	modified: Set()
Removed products: Set()
External API changes: API Changes: Set()
Modified binary dependencies: Set()
Initial directly invalidated sources: Set()

Sources indirectly invalidated by:
	product: Set()
	binary dep: Set()
	external source: Set()
All initially invalidated sources: Set()

Total time: 1 s, completed 01-Mar-2016 15:08:48
> server-post-command-cleanup
> server-handle-next-server-request
> {file:/C:/Users/pc/dev/fyp/FYP-Geo-Tagging-Service/}fyp-geo-tagging-service/compile:discoveredMainClasses
Evaluating tasks: compile:discoveredMainClasses
Running task... Cancel: sbt.server.ServerTaskCancellation@4f8a57, check cycles: false

Initial source changes: 
	removed:Set()
	added: Set()
	modified: Set()
Removed products: Set()
External API changes: API Changes: Set()
Modified binary dependencies: Set()
Initial directly invalidated sources: Set()

Sources indirectly invalidated by:
	product: Set()
	binary dep: Set()
	external source: Set()
All initially invalidated sources: Set()

Total time: 1 s, completed 01-Mar-2016 15:08:49
> server-post-command-cleanup
> server-handle-next-server-request
> {file:/C:/Users/pc/dev/fyp/FYP-Geo-Tagging-Service/}fyp-geo-tagging-service/compile:mainClass
Evaluating tasks: compile:mainClass
Running task... Cancel: sbt.server.ServerTaskCancellation@db5832, check cycles: false

Initial source changes: 
	removed:Set()
	added: Set()
	modified: Set()
Removed products: Set()
External API changes: API Changes: Set()
Modified binary dependencies: Set()
Initial directly invalidated sources: Set()

Sources indirectly invalidated by:
	product: Set()
	binary dep: Set()
	external source: Set()
All initially invalidated sources: Set()

Total time: 0 s, completed 01-Mar-2016 15:08:49
> server-post-command-cleanup
> server-handle-next-server-request
> {file:/C:/Users/pc/dev/fyp/FYP-Geo-Tagging-Service/}fyp-geo-tagging-service/compile:discoveredMainClasses
Evaluating tasks: compile:discoveredMainClasses
Running task... Cancel: sbt.server.ServerTaskCancellation@129161d, check cycles: false

Initial source changes: 
	removed:Set()
	added: Set()
	modified: Set()
Removed products: Set()
External API changes: API Changes: Set()
Modified binary dependencies: Set()
Initial directly invalidated sources: Set()

Sources indirectly invalidated by:
	product: Set()
	binary dep: Set()
	external source: Set()
All initially invalidated sources: Set()

Total time: 0 s, completed 01-Mar-2016 15:08:50
> server-post-command-cleanup
> server-handle-next-server-request
> backgroundRunMain com.server.GTServer
Evaluating tasks: compile:backgroundRunMain
Running task... Cancel: sbt.server.ServerTaskCancellation@79c18a, check cycles: false

Initial source changes: 
	removed:Set()
	added: Set()
	modified: Set()
Removed products: Set()
External API changes: API Changes: Set()
Modified binary dependencies: Set()
Initial directly invalidated sources: Set()

Sources indirectly invalidated by:
	product: Set()
	binary dep: Set()
	external source: Set()
All initially invalidated sources: Set()

Copy resource mappings: 
	
Total time: 0 s, completed 01-Mar-2016 15:20:13
> server-post-command-cleanup
> server-handle-next-server-request
> compile
Evaluating tasks: compile:compile
Running task... Cancel: sbt.server.ServerTaskCancellation@82f118, check cycles: false

Initial source changes: 
	removed:Set()
	added: Set()
	modified: Set(C:\Users\pc\dev\fyp\FYP-Geo-Tagging-Service\src\main\scala\com\services\GTRetrievalService.scala)
Removed products: Set()
External API changes: API Changes: Set()
Modified binary dependencies: Set()
Initial directly invalidated sources: Set(C:\Users\pc\dev\fyp\FYP-Geo-Tagging-Service\src\main\scala\com\services\GTRetrievalService.scala)

Sources indirectly invalidated by:
	product: Set()
	binary dep: Set()
	external source: Set()
All initially invalidated sources: Set(C:\Users\pc\dev\fyp\FYP-Geo-Tagging-Service\src\main\scala\com\services\GTRetrievalService.scala)

Read from stdout: Compiling 1 Scala source to C:\Users\pc\dev\fyp\FYP-Geo-Tagging-Service\target\scala-2.11\classes...
Compiling 1 Scala source to C:\Users\pc\dev\fyp\FYP-Geo-Tagging-Service\target\scala-2.11\classes...
Getting compiler-interface from component compiler for Scala 2.11.7
Other repositories:
Default repositories:
Getting compiler-interface from component compiler for Scala 2.11.7
Other repositories:
Default repositories:
Running cached compiler 18f3ac5, interfacing (CompilerInterface) with Scala compiler version 2.11.7
Calling Scala compiler with arguments  (CompilerInterface):
	-bootclasspath
	C:\Program Files (x86)\Java\jre1.8.0_66\lib\resources.jar;C:\Program Files (x86)\Java\jre1.8.0_66\lib\rt.jar;C:\Program Files (x86)\Java\jre1.8.0_66\lib\sunrsasign.jar;C:\Program Files (x86)\Java\jre1.8.0_66\lib\jsse.jar;C:\Program Files (x86)\Java\jre1.8.0_66\lib\jce.jar;C:\Program Files (x86)\Java\jre1.8.0_66\lib\charsets.jar;C:\Program Files (x86)\Java\jre1.8.0_66\lib\jfr.jar;C:\Program Files (x86)\Java\jre1.8.0_66\classes;C:\Users\pc\.ivy2\cache\org.scala-lang\scala-library\jars\scala-library-2.11.7.jar
	-classpath
	C:\Users\pc\dev\fyp\FYP-Geo-Tagging-Service\target\scala-2.11\classes;C:\Users\pc\.ivy2\cache\com.typesafe.akka\akka-actor_2.11\jars\akka-actor_2.11-2.3.6.jar;C:\Users\pc\.ivy2\cache\com.typesafe\config\bundles\config-1.2.1.jar;C:\Users\pc\.ivy2\cache\io.spray\spray-routing_2.11\bundles\spray-routing_2.11-1.3.3.jar;C:\Users\pc\.ivy2\cache\io.spray\spray-http_2.11\bundles\spray-http_2.11-1.3.3.jar;C:\Users\pc\.ivy2\cache\io.spray\spray-util_2.11\bundles\spray-util_2.11-1.3.3.jar;C:\Users\pc\.ivy2\cache\org.parboiled\parboiled-scala_2.11\jars\parboiled-scala_2.11-1.1.7.jar;C:\Users\pc\.ivy2\cache\org.parboiled\parboiled-core\jars\parboiled-core-1.1.7.jar;C:\Users\pc\.ivy2\cache\io.spray\spray-httpx_2.11\bundles\spray-httpx_2.11-1.3.3.jar;C:\Users\pc\.ivy2\cache\org.scala-lang.modules\scala-xml_2.11\bundles\scala-xml_2.11-1.0.3.jar;C:\Users\pc\.ivy2\cache\org.jvnet.mimepull\mimepull\jars\mimepull-1.9.5.jar;C:\Users\pc\.ivy2\cache\com.chuusai\shapeless_2.11\jars\shapeless_2.11-1.2.4.jar;C:\Users\pc\.ivy2\cache\io.spray\spray-client_2.11\bundles\spray-client_2.11-1.3.3.jar;C:\Users\pc\.ivy2\cache\io.spray\spray-can_2.11\bundles\spray-can_2.11-1.3.3.jar;C:\Users\pc\.ivy2\cache\io.spray\spray-io_2.11\bundles\spray-io_2.11-1.3.3.jar;C:\Users\pc\.ivy2\cache\org.json4s\json4s-native_2.11\jars\json4s-native_2.11-3.2.10.jar;C:\Users\pc\.ivy2\cache\org.json4s\json4s-core_2.11\jars\json4s-core_2.11-3.2.10.jar;C:\Users\pc\.ivy2\cache\org.json4s\json4s-ast_2.11\jars\json4s-ast_2.11-3.2.10.jar;C:\Users\pc\.ivy2\cache\com.thoughtworks.paranamer\paranamer\jars\paranamer-2.6.jar;C:\Users\pc\.ivy2\cache\org.scala-lang\scalap\jars\scalap-2.11.0.jar;C:\Users\pc\.ivy2\cache\org.scala-lang\scala-compiler\jars\scala-compiler-2.11.0.jar;C:\Users\pc\.ivy2\cache\org.scala-lang\scala-reflect\jars\scala-reflect-2.11.0.jar;C:\Users\pc\.ivy2\cache\org.scala-lang.modules\scala-parser-combinators_2.11\bundles\scala-parser-combinators_2.11-1.0.1.jar;C:\Users\pc\.ivy2\cache\net.liftweb\lift-json_2.10\jars\lift-json_2.10-3.0-M1.jar;C:\Users\pc\.ivy2\cache\com.typesafe.scala-logging\scala-logging-slf4j_2.11\jars\scala-logging-slf4j_2.11-2.1.2.jar;C:\Users\pc\.ivy2\cache\com.typesafe.scala-logging\scala-logging-api_2.11\jars\scala-logging-api_2.11-2.1.2.jar;C:\Users\pc\.ivy2\cache\org.slf4j\slf4j-api\jars\slf4j-api-1.7.7.jar;C:\Users\pc\.ivy2\cache\ch.qos.logback\logback-classic\jars\logback-classic-1.1.2.jar;C:\Users\pc\.ivy2\cache\ch.qos.logback\logback-core\jars\logback-core-1.1.2.jar;C:\Users\pc\.ivy2\cache\com.typesafe.slick\slick_2.11\bundles\slick_2.11-3.0.0.jar;C:\Users\pc\.ivy2\cache\org.reactivestreams\reactive-streams\jars\reactive-streams-1.0.0.jar;C:\Users\pc\.ivy2\cache\org.slf4j\slf4j-nop\jars\slf4j-nop-1.6.4.jar
Scala compilation took 4.019135813 s
Invalidating C:\Users\pc\dev\fyp\FYP-Geo-Tagging-Service\src\main\scala\com\services\GTRetrievalService.scala...
Invalidating (transitively) by inheritance from C:\Users\pc\dev\fyp\FYP-Geo-Tagging-Service\src\main\scala\com\services\GTRetrievalService.scala...
Initial set of included nodes: Set(C:\Users\pc\dev\fyp\FYP-Geo-Tagging-Service\src\main\scala\com\services\GTRetrievalService.scala)
Invalidated by transitive inheritance dependency: Set(C:\Users\pc\dev\fyp\FYP-Geo-Tagging-Service\src\main\scala\com\services\GTRetrievalService.scala)
The C:\Users\pc\dev\fyp\FYP-Geo-Tagging-Service\src\main\scala\com\services\GTRetrievalService.scala source file has the following regular definitions changed:
	getGeoTags_multi$default$2, getGeoTags_multi$default$4, getGeoTags_multi$default$3, getGeoTags_multi.
All member reference dependencies will be considered within this context.
The following modified names cause invalidation of C:\Users\pc\dev\fyp\FYP-Geo-Tagging-Service\src\main\scala\com\server\GTServer.scala: Set(getGeoTags_multi)
New invalidations:
	Set(C:\Users\pc\dev\fyp\FYP-Geo-Tagging-Service\src\main\scala\com\server\GTServer.scala)
Initial set of included nodes: Set(C:\Users\pc\dev\fyp\FYP-Geo-Tagging-Service\src\main\scala\com\server\GTServer.scala)
Previously invalidated, but (transitively) depend on new invalidations:
	Set()
All newly invalidated sources after taking into account (previously) recompiled sources:Set(C:\Users\pc\dev\fyp\FYP-Geo-Tagging-Service\src\main\scala\com\server\GTServer.scala)
Read from stdout: Compiling 1 Scala source to C:\Users\pc\dev\fyp\FYP-Geo-Tagging-Service\target\scala-2.11\classes...
Compiling 1 Scala source to C:\Users\pc\dev\fyp\FYP-Geo-Tagging-Service\target\scala-2.11\classes...
Getting compiler-interface from component compiler for Scala 2.11.7
Other repositories:
Default repositories:
Getting compiler-interface from component compiler for Scala 2.11.7
Other repositories:
Default repositories:
Running cached compiler 65208b, interfacing (CompilerInterface) with Scala compiler version 2.11.7
Calling Scala compiler with arguments  (CompilerInterface):
	-bootclasspath
	C:\Program Files (x86)\Java\jre1.8.0_66\lib\resources.jar;C:\Program Files (x86)\Java\jre1.8.0_66\lib\rt.jar;C:\Program Files (x86)\Java\jre1.8.0_66\lib\sunrsasign.jar;C:\Program Files (x86)\Java\jre1.8.0_66\lib\jsse.jar;C:\Program Files (x86)\Java\jre1.8.0_66\lib\jce.jar;C:\Program Files (x86)\Java\jre1.8.0_66\lib\charsets.jar;C:\Program Files (x86)\Java\jre1.8.0_66\lib\jfr.jar;C:\Program Files (x86)\Java\jre1.8.0_66\classes;C:\Users\pc\.ivy2\cache\org.scala-lang\scala-library\jars\scala-library-2.11.7.jar
	-classpath
	C:\Users\pc\dev\fyp\FYP-Geo-Tagging-Service\target\scala-2.11\classes;C:\Users\pc\.ivy2\cache\com.typesafe.akka\akka-actor_2.11\jars\akka-actor_2.11-2.3.6.jar;C:\Users\pc\.ivy2\cache\com.typesafe\config\bundles\config-1.2.1.jar;C:\Users\pc\.ivy2\cache\io.spray\spray-routing_2.11\bundles\spray-routing_2.11-1.3.3.jar;C:\Users\pc\.ivy2\cache\io.spray\spray-http_2.11\bundles\spray-http_2.11-1.3.3.jar;C:\Users\pc\.ivy2\cache\io.spray\spray-util_2.11\bundles\spray-util_2.11-1.3.3.jar;C:\Users\pc\.ivy2\cache\org.parboiled\parboiled-scala_2.11\jars\parboiled-scala_2.11-1.1.7.jar;C:\Users\pc\.ivy2\cache\org.parboiled\parboiled-core\jars\parboiled-core-1.1.7.jar;C:\Users\pc\.ivy2\cache\io.spray\spray-httpx_2.11\bundles\spray-httpx_2.11-1.3.3.jar;C:\Users\pc\.ivy2\cache\org.scala-lang.modules\scala-xml_2.11\bundles\scala-xml_2.11-1.0.3.jar;C:\Users\pc\.ivy2\cache\org.jvnet.mimepull\mimepull\jars\mimepull-1.9.5.jar;C:\Users\pc\.ivy2\cache\com.chuusai\shapeless_2.11\jars\shapeless_2.11-1.2.4.jar;C:\Users\pc\.ivy2\cache\io.spray\spray-client_2.11\bundles\spray-client_2.11-1.3.3.jar;C:\Users\pc\.ivy2\cache\io.spray\spray-can_2.11\bundles\spray-can_2.11-1.3.3.jar;C:\Users\pc\.ivy2\cache\io.spray\spray-io_2.11\bundles\spray-io_2.11-1.3.3.jar;C:\Users\pc\.ivy2\cache\org.json4s\json4s-native_2.11\jars\json4s-native_2.11-3.2.10.jar;C:\Users\pc\.ivy2\cache\org.json4s\json4s-core_2.11\jars\json4s-core_2.11-3.2.10.jar;C:\Users\pc\.ivy2\cache\org.json4s\json4s-ast_2.11\jars\json4s-ast_2.11-3.2.10.jar;C:\Users\pc\.ivy2\cache\com.thoughtworks.paranamer\paranamer\jars\paranamer-2.6.jar;C:\Users\pc\.ivy2\cache\org.scala-lang\scalap\jars\scalap-2.11.0.jar;C:\Users\pc\.ivy2\cache\org.scala-lang\scala-compiler\jars\scala-compiler-2.11.0.jar;C:\Users\pc\.ivy2\cache\org.scala-lang\scala-reflect\jars\scala-reflect-2.11.0.jar;C:\Users\pc\.ivy2\cache\org.scala-lang.modules\scala-parser-combinators_2.11\bundles\scala-parser-combinators_2.11-1.0.1.jar;C:\Users\pc\.ivy2\cache\net.liftweb\lift-json_2.10\jars\lift-json_2.10-3.0-M1.jar;C:\Users\pc\.ivy2\cache\com.typesafe.scala-logging\scala-logging-slf4j_2.11\jars\scala-logging-slf4j_2.11-2.1.2.jar;C:\Users\pc\.ivy2\cache\com.typesafe.scala-logging\scala-logging-api_2.11\jars\scala-logging-api_2.11-2.1.2.jar;C:\Users\pc\.ivy2\cache\org.slf4j\slf4j-api\jars\slf4j-api-1.7.7.jar;C:\Users\pc\.ivy2\cache\ch.qos.logback\logback-classic\jars\logback-classic-1.1.2.jar;C:\Users\pc\.ivy2\cache\ch.qos.logback\logback-core\jars\logback-core-1.1.2.jar;C:\Users\pc\.ivy2\cache\com.typesafe.slick\slick_2.11\bundles\slick_2.11-3.0.0.jar;C:\Users\pc\.ivy2\cache\org.reactivestreams\reactive-streams\jars\reactive-streams-1.0.0.jar;C:\Users\pc\.ivy2\cache\org.slf4j\slf4j-nop\jars\slf4j-nop-1.6.4.jar
Read from stdout: C:\Users\pc\dev\fyp\FYP-Geo-Tagging-Service\src\main\scala\com\server\GTServer.scala:50: value getGeoTags_multi is not a member of object com.services.GTRetrievalService
C:\Users\pc\dev\fyp\FYP-Geo-Tagging-Service\src\main\scala\com\server\GTServer.scala:50: value getGeoTags_multi is not a member of object com.services.GTRetrievalService
Read from stdout: GTRetrievalService.getGeoTags_multi(address)
            GTRetrievalService.getGeoTags_multi(address)
Read from stdout: ^
                               ^
Read from stdout: one error found
one error found
Compilation failed (CompilerInterface)
Read from stdout: (compile:compileIncremental) Compilation failed
(compile:compileIncremental) Compilation failed
Total time: 6 s, completed 01-Mar-2016 15:45:33
> server-post-command-error-handler
> server-post-command-cleanup
> server-handle-next-server-request
> compile
Evaluating tasks: compile:compile
Running task... Cancel: sbt.server.ServerTaskCancellation@b90eb9, check cycles: false

Initial source changes: 
	removed:Set()
	added: Set()
	modified: Set(C:\Users\pc\dev\fyp\FYP-Geo-Tagging-Service\src\main\scala\com\services\GTRetrievalService.scala)
Removed products: Set()
External API changes: API Changes: Set()
Modified binary dependencies: Set()
Initial directly invalidated sources: Set(C:\Users\pc\dev\fyp\FYP-Geo-Tagging-Service\src\main\scala\com\services\GTRetrievalService.scala)

Sources indirectly invalidated by:
	product: Set()
	binary dep: Set()
	external source: Set()
All initially invalidated sources: Set(C:\Users\pc\dev\fyp\FYP-Geo-Tagging-Service\src\main\scala\com\services\GTRetrievalService.scala)

Read from stdout: Compiling 1 Scala source to C:\Users\pc\dev\fyp\FYP-Geo-Tagging-Service\target\scala-2.11\classes...
Compiling 1 Scala source to C:\Users\pc\dev\fyp\FYP-Geo-Tagging-Service\target\scala-2.11\classes...
Getting compiler-interface from component compiler for Scala 2.11.7
Other repositories:
Default repositories:
Getting compiler-interface from component compiler for Scala 2.11.7
Other repositories:
Default repositories:
Running cached compiler 69c5e4, interfacing (CompilerInterface) with Scala compiler version 2.11.7
Calling Scala compiler with arguments  (CompilerInterface):
	-bootclasspath
	C:\Program Files (x86)\Java\jre1.8.0_66\lib\resources.jar;C:\Program Files (x86)\Java\jre1.8.0_66\lib\rt.jar;C:\Program Files (x86)\Java\jre1.8.0_66\lib\sunrsasign.jar;C:\Program Files (x86)\Java\jre1.8.0_66\lib\jsse.jar;C:\Program Files (x86)\Java\jre1.8.0_66\lib\jce.jar;C:\Program Files (x86)\Java\jre1.8.0_66\lib\charsets.jar;C:\Program Files (x86)\Java\jre1.8.0_66\lib\jfr.jar;C:\Program Files (x86)\Java\jre1.8.0_66\classes;C:\Users\pc\.ivy2\cache\org.scala-lang\scala-library\jars\scala-library-2.11.7.jar
	-classpath
	C:\Users\pc\dev\fyp\FYP-Geo-Tagging-Service\target\scala-2.11\classes;C:\Users\pc\.ivy2\cache\com.typesafe.akka\akka-actor_2.11\jars\akka-actor_2.11-2.3.6.jar;C:\Users\pc\.ivy2\cache\com.typesafe\config\bundles\config-1.2.1.jar;C:\Users\pc\.ivy2\cache\io.spray\spray-routing_2.11\bundles\spray-routing_2.11-1.3.3.jar;C:\Users\pc\.ivy2\cache\io.spray\spray-http_2.11\bundles\spray-http_2.11-1.3.3.jar;C:\Users\pc\.ivy2\cache\io.spray\spray-util_2.11\bundles\spray-util_2.11-1.3.3.jar;C:\Users\pc\.ivy2\cache\org.parboiled\parboiled-scala_2.11\jars\parboiled-scala_2.11-1.1.7.jar;C:\Users\pc\.ivy2\cache\org.parboiled\parboiled-core\jars\parboiled-core-1.1.7.jar;C:\Users\pc\.ivy2\cache\io.spray\spray-httpx_2.11\bundles\spray-httpx_2.11-1.3.3.jar;C:\Users\pc\.ivy2\cache\org.scala-lang.modules\scala-xml_2.11\bundles\scala-xml_2.11-1.0.3.jar;C:\Users\pc\.ivy2\cache\org.jvnet.mimepull\mimepull\jars\mimepull-1.9.5.jar;C:\Users\pc\.ivy2\cache\com.chuusai\shapeless_2.11\jars\shapeless_2.11-1.2.4.jar;C:\Users\pc\.ivy2\cache\io.spray\spray-client_2.11\bundles\spray-client_2.11-1.3.3.jar;C:\Users\pc\.ivy2\cache\io.spray\spray-can_2.11\bundles\spray-can_2.11-1.3.3.jar;C:\Users\pc\.ivy2\cache\io.spray\spray-io_2.11\bundles\spray-io_2.11-1.3.3.jar;C:\Users\pc\.ivy2\cache\org.json4s\json4s-native_2.11\jars\json4s-native_2.11-3.2.10.jar;C:\Users\pc\.ivy2\cache\org.json4s\json4s-core_2.11\jars\json4s-core_2.11-3.2.10.jar;C:\Users\pc\.ivy2\cache\org.json4s\json4s-ast_2.11\jars\json4s-ast_2.11-3.2.10.jar;C:\Users\pc\.ivy2\cache\com.thoughtworks.paranamer\paranamer\jars\paranamer-2.6.jar;C:\Users\pc\.ivy2\cache\org.scala-lang\scalap\jars\scalap-2.11.0.jar;C:\Users\pc\.ivy2\cache\org.scala-lang\scala-compiler\jars\scala-compiler-2.11.0.jar;C:\Users\pc\.ivy2\cache\org.scala-lang\scala-reflect\jars\scala-reflect-2.11.0.jar;C:\Users\pc\.ivy2\cache\org.scala-lang.modules\scala-parser-combinators_2.11\bundles\scala-parser-combinators_2.11-1.0.1.jar;C:\Users\pc\.ivy2\cache\net.liftweb\lift-json_2.10\jars\lift-json_2.10-3.0-M1.jar;C:\Users\pc\.ivy2\cache\com.typesafe.scala-logging\scala-logging-slf4j_2.11\jars\scala-logging-slf4j_2.11-2.1.2.jar;C:\Users\pc\.ivy2\cache\com.typesafe.scala-logging\scala-logging-api_2.11\jars\scala-logging-api_2.11-2.1.2.jar;C:\Users\pc\.ivy2\cache\org.slf4j\slf4j-api\jars\slf4j-api-1.7.7.jar;C:\Users\pc\.ivy2\cache\ch.qos.logback\logback-classic\jars\logback-classic-1.1.2.jar;C:\Users\pc\.ivy2\cache\ch.qos.logback\logback-core\jars\logback-core-1.1.2.jar;C:\Users\pc\.ivy2\cache\com.typesafe.slick\slick_2.11\bundles\slick_2.11-3.0.0.jar;C:\Users\pc\.ivy2\cache\org.reactivestreams\reactive-streams\jars\reactive-streams-1.0.0.jar;C:\Users\pc\.ivy2\cache\org.slf4j\slf4j-nop\jars\slf4j-nop-1.6.4.jar
Scala compilation took 1.219431922 s
Invalidating C:\Users\pc\dev\fyp\FYP-Geo-Tagging-Service\src\main\scala\com\services\GTRetrievalService.scala...
Invalidating (transitively) by inheritance from C:\Users\pc\dev\fyp\FYP-Geo-Tagging-Service\src\main\scala\com\services\GTRetrievalService.scala...
Initial set of included nodes: Set(C:\Users\pc\dev\fyp\FYP-Geo-Tagging-Service\src\main\scala\com\services\GTRetrievalService.scala)
Invalidated by transitive inheritance dependency: Set(C:\Users\pc\dev\fyp\FYP-Geo-Tagging-Service\src\main\scala\com\services\GTRetrievalService.scala)
The C:\Users\pc\dev\fyp\FYP-Geo-Tagging-Service\src\main\scala\com\services\GTRetrievalService.scala source file has the following regular definitions changed:
	getGeoTags_multi$default$2, getGeoTags_multi$default$4, getGeoTags_multi$default$3, getGeoTags_multi.
All member reference dependencies will be considered within this context.
The following modified names cause invalidation of C:\Users\pc\dev\fyp\FYP-Geo-Tagging-Service\src\main\scala\com\server\GTServer.scala: Set(getGeoTags_multi)
New invalidations:
	Set(C:\Users\pc\dev\fyp\FYP-Geo-Tagging-Service\src\main\scala\com\server\GTServer.scala)
Initial set of included nodes: Set(C:\Users\pc\dev\fyp\FYP-Geo-Tagging-Service\src\main\scala\com\server\GTServer.scala)
Previously invalidated, but (transitively) depend on new invalidations:
	Set()
All newly invalidated sources after taking into account (previously) recompiled sources:Set(C:\Users\pc\dev\fyp\FYP-Geo-Tagging-Service\src\main\scala\com\server\GTServer.scala)
Read from stdout: Compiling 1 Scala source to C:\Users\pc\dev\fyp\FYP-Geo-Tagging-Service\target\scala-2.11\classes...
Compiling 1 Scala source to C:\Users\pc\dev\fyp\FYP-Geo-Tagging-Service\target\scala-2.11\classes...
Getting compiler-interface from component compiler for Scala 2.11.7
Other repositories:
Default repositories:
Getting compiler-interface from component compiler for Scala 2.11.7
Other repositories:
Default repositories:
Running cached compiler 1fc3971, interfacing (CompilerInterface) with Scala compiler version 2.11.7
Calling Scala compiler with arguments  (CompilerInterface):
	-bootclasspath
	C:\Program Files (x86)\Java\jre1.8.0_66\lib\resources.jar;C:\Program Files (x86)\Java\jre1.8.0_66\lib\rt.jar;C:\Program Files (x86)\Java\jre1.8.0_66\lib\sunrsasign.jar;C:\Program Files (x86)\Java\jre1.8.0_66\lib\jsse.jar;C:\Program Files (x86)\Java\jre1.8.0_66\lib\jce.jar;C:\Program Files (x86)\Java\jre1.8.0_66\lib\charsets.jar;C:\Program Files (x86)\Java\jre1.8.0_66\lib\jfr.jar;C:\Program Files (x86)\Java\jre1.8.0_66\classes;C:\Users\pc\.ivy2\cache\org.scala-lang\scala-library\jars\scala-library-2.11.7.jar
	-classpath
	C:\Users\pc\dev\fyp\FYP-Geo-Tagging-Service\target\scala-2.11\classes;C:\Users\pc\.ivy2\cache\com.typesafe.akka\akka-actor_2.11\jars\akka-actor_2.11-2.3.6.jar;C:\Users\pc\.ivy2\cache\com.typesafe\config\bundles\config-1.2.1.jar;C:\Users\pc\.ivy2\cache\io.spray\spray-routing_2.11\bundles\spray-routing_2.11-1.3.3.jar;C:\Users\pc\.ivy2\cache\io.spray\spray-http_2.11\bundles\spray-http_2.11-1.3.3.jar;C:\Users\pc\.ivy2\cache\io.spray\spray-util_2.11\bundles\spray-util_2.11-1.3.3.jar;C:\Users\pc\.ivy2\cache\org.parboiled\parboiled-scala_2.11\jars\parboiled-scala_2.11-1.1.7.jar;C:\Users\pc\.ivy2\cache\org.parboiled\parboiled-core\jars\parboiled-core-1.1.7.jar;C:\Users\pc\.ivy2\cache\io.spray\spray-httpx_2.11\bundles\spray-httpx_2.11-1.3.3.jar;C:\Users\pc\.ivy2\cache\org.scala-lang.modules\scala-xml_2.11\bundles\scala-xml_2.11-1.0.3.jar;C:\Users\pc\.ivy2\cache\org.jvnet.mimepull\mimepull\jars\mimepull-1.9.5.jar;C:\Users\pc\.ivy2\cache\com.chuusai\shapeless_2.11\jars\shapeless_2.11-1.2.4.jar;C:\Users\pc\.ivy2\cache\io.spray\spray-client_2.11\bundles\spray-client_2.11-1.3.3.jar;C:\Users\pc\.ivy2\cache\io.spray\spray-can_2.11\bundles\spray-can_2.11-1.3.3.jar;C:\Users\pc\.ivy2\cache\io.spray\spray-io_2.11\bundles\spray-io_2.11-1.3.3.jar;C:\Users\pc\.ivy2\cache\org.json4s\json4s-native_2.11\jars\json4s-native_2.11-3.2.10.jar;C:\Users\pc\.ivy2\cache\org.json4s\json4s-core_2.11\jars\json4s-core_2.11-3.2.10.jar;C:\Users\pc\.ivy2\cache\org.json4s\json4s-ast_2.11\jars\json4s-ast_2.11-3.2.10.jar;C:\Users\pc\.ivy2\cache\com.thoughtworks.paranamer\paranamer\jars\paranamer-2.6.jar;C:\Users\pc\.ivy2\cache\org.scala-lang\scalap\jars\scalap-2.11.0.jar;C:\Users\pc\.ivy2\cache\org.scala-lang\scala-compiler\jars\scala-compiler-2.11.0.jar;C:\Users\pc\.ivy2\cache\org.scala-lang\scala-reflect\jars\scala-reflect-2.11.0.jar;C:\Users\pc\.ivy2\cache\org.scala-lang.modules\scala-parser-combinators_2.11\bundles\scala-parser-combinators_2.11-1.0.1.jar;C:\Users\pc\.ivy2\cache\net.liftweb\lift-json_2.10\jars\lift-json_2.10-3.0-M1.jar;C:\Users\pc\.ivy2\cache\com.typesafe.scala-logging\scala-logging-slf4j_2.11\jars\scala-logging-slf4j_2.11-2.1.2.jar;C:\Users\pc\.ivy2\cache\com.typesafe.scala-logging\scala-logging-api_2.11\jars\scala-logging-api_2.11-2.1.2.jar;C:\Users\pc\.ivy2\cache\org.slf4j\slf4j-api\jars\slf4j-api-1.7.7.jar;C:\Users\pc\.ivy2\cache\ch.qos.logback\logback-classic\jars\logback-classic-1.1.2.jar;C:\Users\pc\.ivy2\cache\ch.qos.logback\logback-core\jars\logback-core-1.1.2.jar;C:\Users\pc\.ivy2\cache\com.typesafe.slick\slick_2.11\bundles\slick_2.11-3.0.0.jar;C:\Users\pc\.ivy2\cache\org.reactivestreams\reactive-streams\jars\reactive-streams-1.0.0.jar;C:\Users\pc\.ivy2\cache\org.slf4j\slf4j-nop\jars\slf4j-nop-1.6.4.jar
Read from stdout: C:\Users\pc\dev\fyp\FYP-Geo-Tagging-Service\src\main\scala\com\server\GTServer.scala:50: value getGeoTags_multi is not a member of object com.services.GTRetrievalService
C:\Users\pc\dev\fyp\FYP-Geo-Tagging-Service\src\main\scala\com\server\GTServer.scala:50: value getGeoTags_multi is not a member of object com.services.GTRetrievalService
Read from stdout: GTRetrievalService.getGeoTags_multi(address)
            GTRetrievalService.getGeoTags_multi(address)
Read from stdout: ^
                               ^
Read from stdout: one error found
one error found
Compilation failed (CompilerInterface)
Read from stdout: (compile:compileIncremental) Compilation failed
(compile:compileIncremental) Compilation failed
Total time: 3 s, completed 01-Mar-2016 15:46:00
> server-post-command-error-handler
> server-post-command-cleanup
> server-handle-next-server-request
> compile
Evaluating tasks: compile:compile
Running task... Cancel: sbt.server.ServerTaskCancellation@130fb1c, check cycles: false

Initial source changes: 
	removed:Set()
	added: Set()
	modified: Set(C:\Users\pc\dev\fyp\FYP-Geo-Tagging-Service\src\main\scala\com\server\GTServer.scala, C:\Users\pc\dev\fyp\FYP-Geo-Tagging-Service\src\main\scala\com\services\GTRetrievalService.scala)
Removed products: Set()
External API changes: API Changes: Set()
Modified binary dependencies: Set()
Initial directly invalidated sources: Set(C:\Users\pc\dev\fyp\FYP-Geo-Tagging-Service\src\main\scala\com\server\GTServer.scala, C:\Users\pc\dev\fyp\FYP-Geo-Tagging-Service\src\main\scala\com\services\GTRetrievalService.scala)

Sources indirectly invalidated by:
	product: Set()
	binary dep: Set()
	external source: Set()
All initially invalidated sources: Set(C:\Users\pc\dev\fyp\FYP-Geo-Tagging-Service\src\main\scala\com\server\GTServer.scala, C:\Users\pc\dev\fyp\FYP-Geo-Tagging-Service\src\main\scala\com\services\GTRetrievalService.scala)

Read from stdout: Compiling 2 Scala sources to C:\Users\pc\dev\fyp\FYP-Geo-Tagging-Service\target\scala-2.11\classes...
Compiling 2 Scala sources to C:\Users\pc\dev\fyp\FYP-Geo-Tagging-Service\target\scala-2.11\classes...
Getting compiler-interface from component compiler for Scala 2.11.7
Other repositories:
Default repositories:
Getting compiler-interface from component compiler for Scala 2.11.7
Other repositories:
Default repositories:
Running cached compiler 5bd7f2, interfacing (CompilerInterface) with Scala compiler version 2.11.7
Calling Scala compiler with arguments  (CompilerInterface):
	-bootclasspath
	C:\Program Files (x86)\Java\jre1.8.0_66\lib\resources.jar;C:\Program Files (x86)\Java\jre1.8.0_66\lib\rt.jar;C:\Program Files (x86)\Java\jre1.8.0_66\lib\sunrsasign.jar;C:\Program Files (x86)\Java\jre1.8.0_66\lib\jsse.jar;C:\Program Files (x86)\Java\jre1.8.0_66\lib\jce.jar;C:\Program Files (x86)\Java\jre1.8.0_66\lib\charsets.jar;C:\Program Files (x86)\Java\jre1.8.0_66\lib\jfr.jar;C:\Program Files (x86)\Java\jre1.8.0_66\classes;C:\Users\pc\.ivy2\cache\org.scala-lang\scala-library\jars\scala-library-2.11.7.jar
	-classpath
	C:\Users\pc\dev\fyp\FYP-Geo-Tagging-Service\target\scala-2.11\classes;C:\Users\pc\.ivy2\cache\com.typesafe.akka\akka-actor_2.11\jars\akka-actor_2.11-2.3.6.jar;C:\Users\pc\.ivy2\cache\com.typesafe\config\bundles\config-1.2.1.jar;C:\Users\pc\.ivy2\cache\io.spray\spray-routing_2.11\bundles\spray-routing_2.11-1.3.3.jar;C:\Users\pc\.ivy2\cache\io.spray\spray-http_2.11\bundles\spray-http_2.11-1.3.3.jar;C:\Users\pc\.ivy2\cache\io.spray\spray-util_2.11\bundles\spray-util_2.11-1.3.3.jar;C:\Users\pc\.ivy2\cache\org.parboiled\parboiled-scala_2.11\jars\parboiled-scala_2.11-1.1.7.jar;C:\Users\pc\.ivy2\cache\org.parboiled\parboiled-core\jars\parboiled-core-1.1.7.jar;C:\Users\pc\.ivy2\cache\io.spray\spray-httpx_2.11\bundles\spray-httpx_2.11-1.3.3.jar;C:\Users\pc\.ivy2\cache\org.scala-lang.modules\scala-xml_2.11\bundles\scala-xml_2.11-1.0.3.jar;C:\Users\pc\.ivy2\cache\org.jvnet.mimepull\mimepull\jars\mimepull-1.9.5.jar;C:\Users\pc\.ivy2\cache\com.chuusai\shapeless_2.11\jars\shapeless_2.11-1.2.4.jar;C:\Users\pc\.ivy2\cache\io.spray\spray-client_2.11\bundles\spray-client_2.11-1.3.3.jar;C:\Users\pc\.ivy2\cache\io.spray\spray-can_2.11\bundles\spray-can_2.11-1.3.3.jar;C:\Users\pc\.ivy2\cache\io.spray\spray-io_2.11\bundles\spray-io_2.11-1.3.3.jar;C:\Users\pc\.ivy2\cache\org.json4s\json4s-native_2.11\jars\json4s-native_2.11-3.2.10.jar;C:\Users\pc\.ivy2\cache\org.json4s\json4s-core_2.11\jars\json4s-core_2.11-3.2.10.jar;C:\Users\pc\.ivy2\cache\org.json4s\json4s-ast_2.11\jars\json4s-ast_2.11-3.2.10.jar;C:\Users\pc\.ivy2\cache\com.thoughtworks.paranamer\paranamer\jars\paranamer-2.6.jar;C:\Users\pc\.ivy2\cache\org.scala-lang\scalap\jars\scalap-2.11.0.jar;C:\Users\pc\.ivy2\cache\org.scala-lang\scala-compiler\jars\scala-compiler-2.11.0.jar;C:\Users\pc\.ivy2\cache\org.scala-lang\scala-reflect\jars\scala-reflect-2.11.0.jar;C:\Users\pc\.ivy2\cache\org.scala-lang.modules\scala-parser-combinators_2.11\bundles\scala-parser-combinators_2.11-1.0.1.jar;C:\Users\pc\.ivy2\cache\net.liftweb\lift-json_2.10\jars\lift-json_2.10-3.0-M1.jar;C:\Users\pc\.ivy2\cache\com.typesafe.scala-logging\scala-logging-slf4j_2.11\jars\scala-logging-slf4j_2.11-2.1.2.jar;C:\Users\pc\.ivy2\cache\com.typesafe.scala-logging\scala-logging-api_2.11\jars\scala-logging-api_2.11-2.1.2.jar;C:\Users\pc\.ivy2\cache\org.slf4j\slf4j-api\jars\slf4j-api-1.7.7.jar;C:\Users\pc\.ivy2\cache\ch.qos.logback\logback-classic\jars\logback-classic-1.1.2.jar;C:\Users\pc\.ivy2\cache\ch.qos.logback\logback-core\jars\logback-core-1.1.2.jar;C:\Users\pc\.ivy2\cache\com.typesafe.slick\slick_2.11\bundles\slick_2.11-3.0.0.jar;C:\Users\pc\.ivy2\cache\org.reactivestreams\reactive-streams\jars\reactive-streams-1.0.0.jar;C:\Users\pc\.ivy2\cache\org.slf4j\slf4j-nop\jars\slf4j-nop-1.6.4.jar
Read from stdout: C:\Users\pc\dev\fyp\FYP-Geo-Tagging-Service\src\main\scala\com\server\GTServer.scala:70: not found: value getGeoTagMultiRoute
C:\Users\pc\dev\fyp\FYP-Geo-Tagging-Service\src\main\scala\com\server\GTServer.scala:70: not found: value getGeoTagMultiRoute
Read from stdout: getGeoTagMultiRoute~
    getGeoTagMultiRoute~
Read from stdout: ^
    ^
Read from stdout: one error found
one error found
Compilation failed (CompilerInterface)
Read from stdout: (compile:compileIncremental) Compilation failed
(compile:compileIncremental) Compilation failed
Total time: 1 s, completed 01-Mar-2016 15:46:28
> server-post-command-error-handler
> server-post-command-cleanup
> server-handle-next-server-request
> compile
Evaluating tasks: compile:compile
Running task... Cancel: sbt.server.ServerTaskCancellation@95ae00, check cycles: false

Initial source changes: 
	removed:Set()
	added: Set()
	modified: Set(C:\Users\pc\dev\fyp\FYP-Geo-Tagging-Service\src\main\scala\com\server\GTServer.scala, C:\Users\pc\dev\fyp\FYP-Geo-Tagging-Service\src\main\scala\com\services\GTRetrievalService.scala)
Removed products: Set()
External API changes: API Changes: Set()
Modified binary dependencies: Set()
Initial directly invalidated sources: Set(C:\Users\pc\dev\fyp\FYP-Geo-Tagging-Service\src\main\scala\com\server\GTServer.scala, C:\Users\pc\dev\fyp\FYP-Geo-Tagging-Service\src\main\scala\com\services\GTRetrievalService.scala)

Sources indirectly invalidated by:
	product: Set()
	binary dep: Set()
	external source: Set()
All initially invalidated sources: Set(C:\Users\pc\dev\fyp\FYP-Geo-Tagging-Service\src\main\scala\com\server\GTServer.scala, C:\Users\pc\dev\fyp\FYP-Geo-Tagging-Service\src\main\scala\com\services\GTRetrievalService.scala)

Read from stdout: Compiling 2 Scala sources to C:\Users\pc\dev\fyp\FYP-Geo-Tagging-Service\target\scala-2.11\classes...
Compiling 2 Scala sources to C:\Users\pc\dev\fyp\FYP-Geo-Tagging-Service\target\scala-2.11\classes...
Getting compiler-interface from component compiler for Scala 2.11.7
Other repositories:
Default repositories:
Getting compiler-interface from component compiler for Scala 2.11.7
Other repositories:
Default repositories:
Running cached compiler 10fe410, interfacing (CompilerInterface) with Scala compiler version 2.11.7
Calling Scala compiler with arguments  (CompilerInterface):
	-bootclasspath
	C:\Program Files (x86)\Java\jre1.8.0_66\lib\resources.jar;C:\Program Files (x86)\Java\jre1.8.0_66\lib\rt.jar;C:\Program Files (x86)\Java\jre1.8.0_66\lib\sunrsasign.jar;C:\Program Files (x86)\Java\jre1.8.0_66\lib\jsse.jar;C:\Program Files (x86)\Java\jre1.8.0_66\lib\jce.jar;C:\Program Files (x86)\Java\jre1.8.0_66\lib\charsets.jar;C:\Program Files (x86)\Java\jre1.8.0_66\lib\jfr.jar;C:\Program Files (x86)\Java\jre1.8.0_66\classes;C:\Users\pc\.ivy2\cache\org.scala-lang\scala-library\jars\scala-library-2.11.7.jar
	-classpath
	C:\Users\pc\dev\fyp\FYP-Geo-Tagging-Service\target\scala-2.11\classes;C:\Users\pc\.ivy2\cache\com.typesafe.akka\akka-actor_2.11\jars\akka-actor_2.11-2.3.6.jar;C:\Users\pc\.ivy2\cache\com.typesafe\config\bundles\config-1.2.1.jar;C:\Users\pc\.ivy2\cache\io.spray\spray-routing_2.11\bundles\spray-routing_2.11-1.3.3.jar;C:\Users\pc\.ivy2\cache\io.spray\spray-http_2.11\bundles\spray-http_2.11-1.3.3.jar;C:\Users\pc\.ivy2\cache\io.spray\spray-util_2.11\bundles\spray-util_2.11-1.3.3.jar;C:\Users\pc\.ivy2\cache\org.parboiled\parboiled-scala_2.11\jars\parboiled-scala_2.11-1.1.7.jar;C:\Users\pc\.ivy2\cache\org.parboiled\parboiled-core\jars\parboiled-core-1.1.7.jar;C:\Users\pc\.ivy2\cache\io.spray\spray-httpx_2.11\bundles\spray-httpx_2.11-1.3.3.jar;C:\Users\pc\.ivy2\cache\org.scala-lang.modules\scala-xml_2.11\bundles\scala-xml_2.11-1.0.3.jar;C:\Users\pc\.ivy2\cache\org.jvnet.mimepull\mimepull\jars\mimepull-1.9.5.jar;C:\Users\pc\.ivy2\cache\com.chuusai\shapeless_2.11\jars\shapeless_2.11-1.2.4.jar;C:\Users\pc\.ivy2\cache\io.spray\spray-client_2.11\bundles\spray-client_2.11-1.3.3.jar;C:\Users\pc\.ivy2\cache\io.spray\spray-can_2.11\bundles\spray-can_2.11-1.3.3.jar;C:\Users\pc\.ivy2\cache\io.spray\spray-io_2.11\bundles\spray-io_2.11-1.3.3.jar;C:\Users\pc\.ivy2\cache\org.json4s\json4s-native_2.11\jars\json4s-native_2.11-3.2.10.jar;C:\Users\pc\.ivy2\cache\org.json4s\json4s-core_2.11\jars\json4s-core_2.11-3.2.10.jar;C:\Users\pc\.ivy2\cache\org.json4s\json4s-ast_2.11\jars\json4s-ast_2.11-3.2.10.jar;C:\Users\pc\.ivy2\cache\com.thoughtworks.paranamer\paranamer\jars\paranamer-2.6.jar;C:\Users\pc\.ivy2\cache\org.scala-lang\scalap\jars\scalap-2.11.0.jar;C:\Users\pc\.ivy2\cache\org.scala-lang\scala-compiler\jars\scala-compiler-2.11.0.jar;C:\Users\pc\.ivy2\cache\org.scala-lang\scala-reflect\jars\scala-reflect-2.11.0.jar;C:\Users\pc\.ivy2\cache\org.scala-lang.modules\scala-parser-combinators_2.11\bundles\scala-parser-combinators_2.11-1.0.1.jar;C:\Users\pc\.ivy2\cache\net.liftweb\lift-json_2.10\jars\lift-json_2.10-3.0-M1.jar;C:\Users\pc\.ivy2\cache\com.typesafe.scala-logging\scala-logging-slf4j_2.11\jars\scala-logging-slf4j_2.11-2.1.2.jar;C:\Users\pc\.ivy2\cache\com.typesafe.scala-logging\scala-logging-api_2.11\jars\scala-logging-api_2.11-2.1.2.jar;C:\Users\pc\.ivy2\cache\org.slf4j\slf4j-api\jars\slf4j-api-1.7.7.jar;C:\Users\pc\.ivy2\cache\ch.qos.logback\logback-classic\jars\logback-classic-1.1.2.jar;C:\Users\pc\.ivy2\cache\ch.qos.logback\logback-core\jars\logback-core-1.1.2.jar;C:\Users\pc\.ivy2\cache\com.typesafe.slick\slick_2.11\bundles\slick_2.11-3.0.0.jar;C:\Users\pc\.ivy2\cache\org.reactivestreams\reactive-streams\jars\reactive-streams-1.0.0.jar;C:\Users\pc\.ivy2\cache\org.slf4j\slf4j-nop\jars\slf4j-nop-1.6.4.jar
Scala compilation took 2.657198831 s
Invalidating C:\Users\pc\dev\fyp\FYP-Geo-Tagging-Service\src\main\scala\com\server\GTServer.scala...
Invalidating (transitively) by inheritance from C:\Users\pc\dev\fyp\FYP-Geo-Tagging-Service\src\main\scala\com\server\GTServer.scala...
Initial set of included nodes: Set(C:\Users\pc\dev\fyp\FYP-Geo-Tagging-Service\src\main\scala\com\server\GTServer.scala)
Invalidated by transitive inheritance dependency: Set(C:\Users\pc\dev\fyp\FYP-Geo-Tagging-Service\src\main\scala\com\server\GTServer.scala)
The C:\Users\pc\dev\fyp\FYP-Geo-Tagging-Service\src\main\scala\com\server\GTServer.scala source file has the following regular definitions changed:
	getGeoTagMultiRoute.
All member reference dependencies will be considered within this context.
Invalidating C:\Users\pc\dev\fyp\FYP-Geo-Tagging-Service\src\main\scala\com\services\GTRetrievalService.scala...
Invalidating (transitively) by inheritance from C:\Users\pc\dev\fyp\FYP-Geo-Tagging-Service\src\main\scala\com\services\GTRetrievalService.scala...
Initial set of included nodes: Set(C:\Users\pc\dev\fyp\FYP-Geo-Tagging-Service\src\main\scala\com\services\GTRetrievalService.scala)
Invalidated by transitive inheritance dependency: Set(C:\Users\pc\dev\fyp\FYP-Geo-Tagging-Service\src\main\scala\com\services\GTRetrievalService.scala)
The C:\Users\pc\dev\fyp\FYP-Geo-Tagging-Service\src\main\scala\com\services\GTRetrievalService.scala source file has the following regular definitions changed:
	getGeoTags_multi$default$2, getGeoTags_multi$default$4, getGeoTags_multi$default$3, getGeoTags_multi.
All member reference dependencies will be considered within this context.
None of the modified names appears in C:\Users\pc\dev\fyp\FYP-Geo-Tagging-Service\src\main\scala\com\server\GTServer.scala. This dependency is not being considered for invalidation.
New invalidations:
	Set()
Initial set of included nodes: Set()
Previously invalidated, but (transitively) depend on new invalidations:
	Set()
All newly invalidated sources after taking into account (previously) recompiled sources:Set()
Total time: 3 s, completed 01-Mar-2016 15:46:38
> server-post-command-cleanup
> server-handle-next-server-request
Exception in thread "sbt-bg-threads-1" java.lang.RuntimeException: Nonzero exit code returned from runner: -1
	at scala.sys.package$.error(package.scala:27)
	at sbt.BuildCommon$$anonfun$toError$1.apply(Defaults.scala:1943)
	at sbt.BuildCommon$$anonfun$toError$1.apply(Defaults.scala:1943)
	at scala.Option.foreach(Option.scala:236)
	at sbt.BuildCommon$class.toError(Defaults.scala:1943)
	at sbt.package$.toError(package.scala:4)
	at sbt.plugins.BackgroundRun$$$$b4c18989468ecd5aa4b4422d7494c6$$$$onfun$apply$6.apply(BackgroundRunPlugin.scala:38)
	at sbt.plugins.BackgroundRun$$$$b4c18989468ecd5aa4b4422d7494c6$$$$onfun$apply$6.apply(BackgroundRunPlugin.scala:37)
	at sbt.BackgroundThreadPool$$anonfun$1.apply$mcV$sp(AbstractBackgroundJobService.scala:134)
	at sbt.BackgroundThreadPool$BackgroundRunnable.run(AbstractBackgroundJobService.scala:68)
	at java.util.concurrent.ThreadPoolExecutor.runWorker(Unknown Source)
	at java.util.concurrent.ThreadPoolExecutor$Worker.run(Unknown Source)
	at java.lang.Thread.run(Unknown Source)
> backgroundRunMain com.server.GTServer
Evaluating tasks: compile:backgroundRunMain
Running task... Cancel: sbt.server.ServerTaskCancellation@2cfc14, check cycles: false

Initial source changes: 
	removed:Set()
	added: Set()
	modified: Set()
Removed products: Set()
External API changes: API Changes: Set()
Modified binary dependencies: Set()
Initial directly invalidated sources: Set()

Sources indirectly invalidated by:
	product: Set()
	binary dep: Set()
	external source: Set()
All initially invalidated sources: Set()

Copy resource mappings: 
	
Total time: 0 s, completed 01-Mar-2016 16:32:13
> server-post-command-cleanup
> server-handle-next-server-request
> compile
Evaluating tasks: compile:compile
Running task... Cancel: sbt.server.ServerTaskCancellation@1cc98ab, check cycles: false

Initial source changes: 
	removed:Set()
	added: Set()
	modified: Set(C:\Users\pc\dev\fyp\FYP-Geo-Tagging-Service\src\main\scala\com\services\GTRetrievalService.scala)
Removed products: Set()
External API changes: API Changes: Set()
Modified binary dependencies: Set()
Initial directly invalidated sources: Set(C:\Users\pc\dev\fyp\FYP-Geo-Tagging-Service\src\main\scala\com\services\GTRetrievalService.scala)

Sources indirectly invalidated by:
	product: Set()
	binary dep: Set()
	external source: Set()
All initially invalidated sources: Set(C:\Users\pc\dev\fyp\FYP-Geo-Tagging-Service\src\main\scala\com\services\GTRetrievalService.scala)

Read from stdout: Compiling 1 Scala source to C:\Users\pc\dev\fyp\FYP-Geo-Tagging-Service\target\scala-2.11\classes...
Compiling 1 Scala source to C:\Users\pc\dev\fyp\FYP-Geo-Tagging-Service\target\scala-2.11\classes...
Getting compiler-interface from component compiler for Scala 2.11.7
Other repositories:
Default repositories:
Getting compiler-interface from component compiler for Scala 2.11.7
Other repositories:
Default repositories:
Running cached compiler 4ee00c, interfacing (CompilerInterface) with Scala compiler version 2.11.7
Calling Scala compiler with arguments  (CompilerInterface):
	-bootclasspath
	C:\Program Files (x86)\Java\jre1.8.0_66\lib\resources.jar;C:\Program Files (x86)\Java\jre1.8.0_66\lib\rt.jar;C:\Program Files (x86)\Java\jre1.8.0_66\lib\sunrsasign.jar;C:\Program Files (x86)\Java\jre1.8.0_66\lib\jsse.jar;C:\Program Files (x86)\Java\jre1.8.0_66\lib\jce.jar;C:\Program Files (x86)\Java\jre1.8.0_66\lib\charsets.jar;C:\Program Files (x86)\Java\jre1.8.0_66\lib\jfr.jar;C:\Program Files (x86)\Java\jre1.8.0_66\classes;C:\Users\pc\.ivy2\cache\org.scala-lang\scala-library\jars\scala-library-2.11.7.jar
	-classpath
	C:\Users\pc\dev\fyp\FYP-Geo-Tagging-Service\target\scala-2.11\classes;C:\Users\pc\.ivy2\cache\com.typesafe.akka\akka-actor_2.11\jars\akka-actor_2.11-2.3.6.jar;C:\Users\pc\.ivy2\cache\com.typesafe\config\bundles\config-1.2.1.jar;C:\Users\pc\.ivy2\cache\io.spray\spray-routing_2.11\bundles\spray-routing_2.11-1.3.3.jar;C:\Users\pc\.ivy2\cache\io.spray\spray-http_2.11\bundles\spray-http_2.11-1.3.3.jar;C:\Users\pc\.ivy2\cache\io.spray\spray-util_2.11\bundles\spray-util_2.11-1.3.3.jar;C:\Users\pc\.ivy2\cache\org.parboiled\parboiled-scala_2.11\jars\parboiled-scala_2.11-1.1.7.jar;C:\Users\pc\.ivy2\cache\org.parboiled\parboiled-core\jars\parboiled-core-1.1.7.jar;C:\Users\pc\.ivy2\cache\io.spray\spray-httpx_2.11\bundles\spray-httpx_2.11-1.3.3.jar;C:\Users\pc\.ivy2\cache\org.scala-lang.modules\scala-xml_2.11\bundles\scala-xml_2.11-1.0.3.jar;C:\Users\pc\.ivy2\cache\org.jvnet.mimepull\mimepull\jars\mimepull-1.9.5.jar;C:\Users\pc\.ivy2\cache\com.chuusai\shapeless_2.11\jars\shapeless_2.11-1.2.4.jar;C:\Users\pc\.ivy2\cache\io.spray\spray-client_2.11\bundles\spray-client_2.11-1.3.3.jar;C:\Users\pc\.ivy2\cache\io.spray\spray-can_2.11\bundles\spray-can_2.11-1.3.3.jar;C:\Users\pc\.ivy2\cache\io.spray\spray-io_2.11\bundles\spray-io_2.11-1.3.3.jar;C:\Users\pc\.ivy2\cache\org.json4s\json4s-native_2.11\jars\json4s-native_2.11-3.2.10.jar;C:\Users\pc\.ivy2\cache\org.json4s\json4s-core_2.11\jars\json4s-core_2.11-3.2.10.jar;C:\Users\pc\.ivy2\cache\org.json4s\json4s-ast_2.11\jars\json4s-ast_2.11-3.2.10.jar;C:\Users\pc\.ivy2\cache\com.thoughtworks.paranamer\paranamer\jars\paranamer-2.6.jar;C:\Users\pc\.ivy2\cache\org.scala-lang\scalap\jars\scalap-2.11.0.jar;C:\Users\pc\.ivy2\cache\org.scala-lang\scala-compiler\jars\scala-compiler-2.11.0.jar;C:\Users\pc\.ivy2\cache\org.scala-lang\scala-reflect\jars\scala-reflect-2.11.0.jar;C:\Users\pc\.ivy2\cache\org.scala-lang.modules\scala-parser-combinators_2.11\bundles\scala-parser-combinators_2.11-1.0.1.jar;C:\Users\pc\.ivy2\cache\net.liftweb\lift-json_2.10\jars\lift-json_2.10-3.0-M1.jar;C:\Users\pc\.ivy2\cache\com.typesafe.scala-logging\scala-logging-slf4j_2.11\jars\scala-logging-slf4j_2.11-2.1.2.jar;C:\Users\pc\.ivy2\cache\com.typesafe.scala-logging\scala-logging-api_2.11\jars\scala-logging-api_2.11-2.1.2.jar;C:\Users\pc\.ivy2\cache\org.slf4j\slf4j-api\jars\slf4j-api-1.7.7.jar;C:\Users\pc\.ivy2\cache\ch.qos.logback\logback-classic\jars\logback-classic-1.1.2.jar;C:\Users\pc\.ivy2\cache\ch.qos.logback\logback-core\jars\logback-core-1.1.2.jar;C:\Users\pc\.ivy2\cache\com.typesafe.slick\slick_2.11\bundles\slick_2.11-3.0.0.jar;C:\Users\pc\.ivy2\cache\org.reactivestreams\reactive-streams\jars\reactive-streams-1.0.0.jar;C:\Users\pc\.ivy2\cache\org.slf4j\slf4j-nop\jars\slf4j-nop-1.6.4.jar
Scala compilation took 1.320850108 s
Invalidating C:\Users\pc\dev\fyp\FYP-Geo-Tagging-Service\src\main\scala\com\services\GTRetrievalService.scala...
Invalidating (transitively) by inheritance from C:\Users\pc\dev\fyp\FYP-Geo-Tagging-Service\src\main\scala\com\services\GTRetrievalService.scala...
Initial set of included nodes: Set(C:\Users\pc\dev\fyp\FYP-Geo-Tagging-Service\src\main\scala\com\services\GTRetrievalService.scala)
Invalidated by transitive inheritance dependency: Set(C:\Users\pc\dev\fyp\FYP-Geo-Tagging-Service\src\main\scala\com\services\GTRetrievalService.scala)
The C:\Users\pc\dev\fyp\FYP-Geo-Tagging-Service\src\main\scala\com\services\GTRetrievalService.scala source file has the following regular definitions changed:
	gt_lat$default$4, gt_lat$default$3, gt_lat, gt_lat$default$2.
All member reference dependencies will be considered within this context.
The following modified names cause invalidation of C:\Users\pc\dev\fyp\FYP-Geo-Tagging-Service\src\main\scala\com\server\GTServer.scala: Set(gt_lat)
New invalidations:
	Set(C:\Users\pc\dev\fyp\FYP-Geo-Tagging-Service\src\main\scala\com\server\GTServer.scala)
Initial set of included nodes: Set(C:\Users\pc\dev\fyp\FYP-Geo-Tagging-Service\src\main\scala\com\server\GTServer.scala)
Previously invalidated, but (transitively) depend on new invalidations:
	Set()
All newly invalidated sources after taking into account (previously) recompiled sources:Set(C:\Users\pc\dev\fyp\FYP-Geo-Tagging-Service\src\main\scala\com\server\GTServer.scala)
Read from stdout: Compiling 1 Scala source to C:\Users\pc\dev\fyp\FYP-Geo-Tagging-Service\target\scala-2.11\classes...
Compiling 1 Scala source to C:\Users\pc\dev\fyp\FYP-Geo-Tagging-Service\target\scala-2.11\classes...
Getting compiler-interface from component compiler for Scala 2.11.7
Other repositories:
Default repositories:
Getting compiler-interface from component compiler for Scala 2.11.7
Other repositories:
Default repositories:
Running cached compiler a7af96, interfacing (CompilerInterface) with Scala compiler version 2.11.7
Calling Scala compiler with arguments  (CompilerInterface):
	-bootclasspath
	C:\Program Files (x86)\Java\jre1.8.0_66\lib\resources.jar;C:\Program Files (x86)\Java\jre1.8.0_66\lib\rt.jar;C:\Program Files (x86)\Java\jre1.8.0_66\lib\sunrsasign.jar;C:\Program Files (x86)\Java\jre1.8.0_66\lib\jsse.jar;C:\Program Files (x86)\Java\jre1.8.0_66\lib\jce.jar;C:\Program Files (x86)\Java\jre1.8.0_66\lib\charsets.jar;C:\Program Files (x86)\Java\jre1.8.0_66\lib\jfr.jar;C:\Program Files (x86)\Java\jre1.8.0_66\classes;C:\Users\pc\.ivy2\cache\org.scala-lang\scala-library\jars\scala-library-2.11.7.jar
	-classpath
	C:\Users\pc\dev\fyp\FYP-Geo-Tagging-Service\target\scala-2.11\classes;C:\Users\pc\.ivy2\cache\com.typesafe.akka\akka-actor_2.11\jars\akka-actor_2.11-2.3.6.jar;C:\Users\pc\.ivy2\cache\com.typesafe\config\bundles\config-1.2.1.jar;C:\Users\pc\.ivy2\cache\io.spray\spray-routing_2.11\bundles\spray-routing_2.11-1.3.3.jar;C:\Users\pc\.ivy2\cache\io.spray\spray-http_2.11\bundles\spray-http_2.11-1.3.3.jar;C:\Users\pc\.ivy2\cache\io.spray\spray-util_2.11\bundles\spray-util_2.11-1.3.3.jar;C:\Users\pc\.ivy2\cache\org.parboiled\parboiled-scala_2.11\jars\parboiled-scala_2.11-1.1.7.jar;C:\Users\pc\.ivy2\cache\org.parboiled\parboiled-core\jars\parboiled-core-1.1.7.jar;C:\Users\pc\.ivy2\cache\io.spray\spray-httpx_2.11\bundles\spray-httpx_2.11-1.3.3.jar;C:\Users\pc\.ivy2\cache\org.scala-lang.modules\scala-xml_2.11\bundles\scala-xml_2.11-1.0.3.jar;C:\Users\pc\.ivy2\cache\org.jvnet.mimepull\mimepull\jars\mimepull-1.9.5.jar;C:\Users\pc\.ivy2\cache\com.chuusai\shapeless_2.11\jars\shapeless_2.11-1.2.4.jar;C:\Users\pc\.ivy2\cache\io.spray\spray-client_2.11\bundles\spray-client_2.11-1.3.3.jar;C:\Users\pc\.ivy2\cache\io.spray\spray-can_2.11\bundles\spray-can_2.11-1.3.3.jar;C:\Users\pc\.ivy2\cache\io.spray\spray-io_2.11\bundles\spray-io_2.11-1.3.3.jar;C:\Users\pc\.ivy2\cache\org.json4s\json4s-native_2.11\jars\json4s-native_2.11-3.2.10.jar;C:\Users\pc\.ivy2\cache\org.json4s\json4s-core_2.11\jars\json4s-core_2.11-3.2.10.jar;C:\Users\pc\.ivy2\cache\org.json4s\json4s-ast_2.11\jars\json4s-ast_2.11-3.2.10.jar;C:\Users\pc\.ivy2\cache\com.thoughtworks.paranamer\paranamer\jars\paranamer-2.6.jar;C:\Users\pc\.ivy2\cache\org.scala-lang\scalap\jars\scalap-2.11.0.jar;C:\Users\pc\.ivy2\cache\org.scala-lang\scala-compiler\jars\scala-compiler-2.11.0.jar;C:\Users\pc\.ivy2\cache\org.scala-lang\scala-reflect\jars\scala-reflect-2.11.0.jar;C:\Users\pc\.ivy2\cache\org.scala-lang.modules\scala-parser-combinators_2.11\bundles\scala-parser-combinators_2.11-1.0.1.jar;C:\Users\pc\.ivy2\cache\net.liftweb\lift-json_2.10\jars\lift-json_2.10-3.0-M1.jar;C:\Users\pc\.ivy2\cache\com.typesafe.scala-logging\scala-logging-slf4j_2.11\jars\scala-logging-slf4j_2.11-2.1.2.jar;C:\Users\pc\.ivy2\cache\com.typesafe.scala-logging\scala-logging-api_2.11\jars\scala-logging-api_2.11-2.1.2.jar;C:\Users\pc\.ivy2\cache\org.slf4j\slf4j-api\jars\slf4j-api-1.7.7.jar;C:\Users\pc\.ivy2\cache\ch.qos.logback\logback-classic\jars\logback-classic-1.1.2.jar;C:\Users\pc\.ivy2\cache\ch.qos.logback\logback-core\jars\logback-core-1.1.2.jar;C:\Users\pc\.ivy2\cache\com.typesafe.slick\slick_2.11\bundles\slick_2.11-3.0.0.jar;C:\Users\pc\.ivy2\cache\org.reactivestreams\reactive-streams\jars\reactive-streams-1.0.0.jar;C:\Users\pc\.ivy2\cache\org.slf4j\slf4j-nop\jars\slf4j-nop-1.6.4.jar
Read from stdout: C:\Users\pc\dev\fyp\FYP-Geo-Tagging-Service\src\main\scala\com\server\GTServer.scala:51: value gt_lat is not a member of object com.services.GTRetrievalService
C:\Users\pc\dev\fyp\FYP-Geo-Tagging-Service\src\main\scala\com\server\GTServer.scala:51: value gt_lat is not a member of object com.services.GTRetrievalService
Read from stdout: GTRetrievalService.gt_lat(address)
            GTRetrievalService.gt_lat(address)
Read from stdout: ^
                               ^
Read from stdout: one error found
one error found
Compilation failed (CompilerInterface)
Read from stdout: (compile:compileIncremental) Compilation failed
(compile:compileIncremental) Compilation failed
Total time: 3 s, completed 01-Mar-2016 16:39:41
> server-post-command-error-handler
> server-post-command-cleanup
> server-handle-next-server-request
> compile
Evaluating tasks: compile:compile
Running task... Cancel: sbt.server.ServerTaskCancellation@1fdcb97, check cycles: false

Initial source changes: 
	removed:Set()
	added: Set()
	modified: Set(C:\Users\pc\dev\fyp\FYP-Geo-Tagging-Service\src\main\scala\com\server\GTServer.scala, C:\Users\pc\dev\fyp\FYP-Geo-Tagging-Service\src\main\scala\com\services\GTRetrievalService.scala)
Removed products: Set()
External API changes: API Changes: Set()
Modified binary dependencies: Set()
Initial directly invalidated sources: Set(C:\Users\pc\dev\fyp\FYP-Geo-Tagging-Service\src\main\scala\com\server\GTServer.scala, C:\Users\pc\dev\fyp\FYP-Geo-Tagging-Service\src\main\scala\com\services\GTRetrievalService.scala)

Sources indirectly invalidated by:
	product: Set()
	binary dep: Set()
	external source: Set()
All initially invalidated sources: Set(C:\Users\pc\dev\fyp\FYP-Geo-Tagging-Service\src\main\scala\com\server\GTServer.scala, C:\Users\pc\dev\fyp\FYP-Geo-Tagging-Service\src\main\scala\com\services\GTRetrievalService.scala)

Read from stdout: Compiling 2 Scala sources to C:\Users\pc\dev\fyp\FYP-Geo-Tagging-Service\target\scala-2.11\classes...
Compiling 2 Scala sources to C:\Users\pc\dev\fyp\FYP-Geo-Tagging-Service\target\scala-2.11\classes...
Getting compiler-interface from component compiler for Scala 2.11.7
Other repositories:
Default repositories:
Getting compiler-interface from component compiler for Scala 2.11.7
Other repositories:
Default repositories:
Running cached compiler 177f2db, interfacing (CompilerInterface) with Scala compiler version 2.11.7
Calling Scala compiler with arguments  (CompilerInterface):
	-bootclasspath
	C:\Program Files (x86)\Java\jre1.8.0_66\lib\resources.jar;C:\Program Files (x86)\Java\jre1.8.0_66\lib\rt.jar;C:\Program Files (x86)\Java\jre1.8.0_66\lib\sunrsasign.jar;C:\Program Files (x86)\Java\jre1.8.0_66\lib\jsse.jar;C:\Program Files (x86)\Java\jre1.8.0_66\lib\jce.jar;C:\Program Files (x86)\Java\jre1.8.0_66\lib\charsets.jar;C:\Program Files (x86)\Java\jre1.8.0_66\lib\jfr.jar;C:\Program Files (x86)\Java\jre1.8.0_66\classes;C:\Users\pc\.ivy2\cache\org.scala-lang\scala-library\jars\scala-library-2.11.7.jar
	-classpath
	C:\Users\pc\dev\fyp\FYP-Geo-Tagging-Service\target\scala-2.11\classes;C:\Users\pc\.ivy2\cache\com.typesafe.akka\akka-actor_2.11\jars\akka-actor_2.11-2.3.6.jar;C:\Users\pc\.ivy2\cache\com.typesafe\config\bundles\config-1.2.1.jar;C:\Users\pc\.ivy2\cache\io.spray\spray-routing_2.11\bundles\spray-routing_2.11-1.3.3.jar;C:\Users\pc\.ivy2\cache\io.spray\spray-http_2.11\bundles\spray-http_2.11-1.3.3.jar;C:\Users\pc\.ivy2\cache\io.spray\spray-util_2.11\bundles\spray-util_2.11-1.3.3.jar;C:\Users\pc\.ivy2\cache\org.parboiled\parboiled-scala_2.11\jars\parboiled-scala_2.11-1.1.7.jar;C:\Users\pc\.ivy2\cache\org.parboiled\parboiled-core\jars\parboiled-core-1.1.7.jar;C:\Users\pc\.ivy2\cache\io.spray\spray-httpx_2.11\bundles\spray-httpx_2.11-1.3.3.jar;C:\Users\pc\.ivy2\cache\org.scala-lang.modules\scala-xml_2.11\bundles\scala-xml_2.11-1.0.3.jar;C:\Users\pc\.ivy2\cache\org.jvnet.mimepull\mimepull\jars\mimepull-1.9.5.jar;C:\Users\pc\.ivy2\cache\com.chuusai\shapeless_2.11\jars\shapeless_2.11-1.2.4.jar;C:\Users\pc\.ivy2\cache\io.spray\spray-client_2.11\bundles\spray-client_2.11-1.3.3.jar;C:\Users\pc\.ivy2\cache\io.spray\spray-can_2.11\bundles\spray-can_2.11-1.3.3.jar;C:\Users\pc\.ivy2\cache\io.spray\spray-io_2.11\bundles\spray-io_2.11-1.3.3.jar;C:\Users\pc\.ivy2\cache\org.json4s\json4s-native_2.11\jars\json4s-native_2.11-3.2.10.jar;C:\Users\pc\.ivy2\cache\org.json4s\json4s-core_2.11\jars\json4s-core_2.11-3.2.10.jar;C:\Users\pc\.ivy2\cache\org.json4s\json4s-ast_2.11\jars\json4s-ast_2.11-3.2.10.jar;C:\Users\pc\.ivy2\cache\com.thoughtworks.paranamer\paranamer\jars\paranamer-2.6.jar;C:\Users\pc\.ivy2\cache\org.scala-lang\scalap\jars\scalap-2.11.0.jar;C:\Users\pc\.ivy2\cache\org.scala-lang\scala-compiler\jars\scala-compiler-2.11.0.jar;C:\Users\pc\.ivy2\cache\org.scala-lang\scala-reflect\jars\scala-reflect-2.11.0.jar;C:\Users\pc\.ivy2\cache\org.scala-lang.modules\scala-parser-combinators_2.11\bundles\scala-parser-combinators_2.11-1.0.1.jar;C:\Users\pc\.ivy2\cache\net.liftweb\lift-json_2.10\jars\lift-json_2.10-3.0-M1.jar;C:\Users\pc\.ivy2\cache\com.typesafe.scala-logging\scala-logging-slf4j_2.11\jars\scala-logging-slf4j_2.11-2.1.2.jar;C:\Users\pc\.ivy2\cache\com.typesafe.scala-logging\scala-logging-api_2.11\jars\scala-logging-api_2.11-2.1.2.jar;C:\Users\pc\.ivy2\cache\org.slf4j\slf4j-api\jars\slf4j-api-1.7.7.jar;C:\Users\pc\.ivy2\cache\ch.qos.logback\logback-classic\jars\logback-classic-1.1.2.jar;C:\Users\pc\.ivy2\cache\ch.qos.logback\logback-core\jars\logback-core-1.1.2.jar;C:\Users\pc\.ivy2\cache\com.typesafe.slick\slick_2.11\bundles\slick_2.11-3.0.0.jar;C:\Users\pc\.ivy2\cache\org.reactivestreams\reactive-streams\jars\reactive-streams-1.0.0.jar;C:\Users\pc\.ivy2\cache\org.slf4j\slf4j-nop\jars\slf4j-nop-1.6.4.jar
Scala compilation took 2.368635758 s
Invalidating C:\Users\pc\dev\fyp\FYP-Geo-Tagging-Service\src\main\scala\com\services\GTRetrievalService.scala...
Invalidating (transitively) by inheritance from C:\Users\pc\dev\fyp\FYP-Geo-Tagging-Service\src\main\scala\com\services\GTRetrievalService.scala...
Initial set of included nodes: Set(C:\Users\pc\dev\fyp\FYP-Geo-Tagging-Service\src\main\scala\com\services\GTRetrievalService.scala)
Invalidated by transitive inheritance dependency: Set(C:\Users\pc\dev\fyp\FYP-Geo-Tagging-Service\src\main\scala\com\services\GTRetrievalService.scala)
The C:\Users\pc\dev\fyp\FYP-Geo-Tagging-Service\src\main\scala\com\services\GTRetrievalService.scala source file has the following regular definitions changed:
	gt_lat$default$4, gt_lat$default$3, gt_lat, gt_lat$default$2.
All member reference dependencies will be considered within this context.
None of the modified names appears in C:\Users\pc\dev\fyp\FYP-Geo-Tagging-Service\src\main\scala\com\server\GTServer.scala. This dependency is not being considered for invalidation.
New invalidations:
	Set()
Initial set of included nodes: Set()
Previously invalidated, but (transitively) depend on new invalidations:
	Set()
All newly invalidated sources after taking into account (previously) recompiled sources:Set()
Total time: 3 s, completed 01-Mar-2016 16:40:03
> server-post-command-cleanup
> server-handle-next-server-request
> jobStop 2
Evaluating tasks: *:jobStop
Running task... Cancel: sbt.server.ServerTaskCancellation@ec9508, check cycles: false
Total time: 0 s, completed 01-Mar-2016 16:40:06
> server-post-command-cleanup
Exception in thread "sbt-bg-threads-3" java.lang.RuntimeException: Nonzero exit code returned from runner: 1
	at scala.sys.package$.error(package.scala:27)
	at sbt.BuildCommon$$anonfun$toError$1.apply(Defaults.scala:1943)
	at sbt.BuildCommon$$anonfun$toError$1.apply(Defaults.scala:1943)
	at scala.Option.foreach(Option.scala:236)
	at sbt.BuildCommon$class.toError(Defaults.scala:1943)
	at sbt.package$.toError(package.scala:4)
	at sbt.plugins.BackgroundRun$$$$b4c18989468ecd5aa4b4422d7494c6$$$$onfun$apply$6.apply(BackgroundRunPlugin.scala:38)
	at sbt.plugins.BackgroundRun$$$$b4c18989468ecd5aa4b4422d7494c6$$$$onfun$apply$6.apply(BackgroundRunPlugin.scala:37)
	at sbt.BackgroundThreadPool$$anonfun$1.apply$mcV$sp(AbstractBackgroundJobService.scala:134)
	at sbt.BackgroundThreadPool$BackgroundRunnable.run(AbstractBackgroundJobService.scala:68)
	at java.util.concurrent.ThreadPoolExecutor.runWorker(Unknown Source)
	at java.util.concurrent.ThreadPoolExecutor$Worker.run(Unknown Source)
	at java.lang.Thread.run(Unknown Source)
> server-handle-next-server-request
> backgroundRunMain com.server.GTServer
Evaluating tasks: compile:backgroundRunMain
Running task... Cancel: sbt.server.ServerTaskCancellation@c9e7db, check cycles: false

Initial source changes: 
	removed:Set()
	added: Set()
	modified: Set()
Removed products: Set()
External API changes: API Changes: Set()
Modified binary dependencies: Set()
Initial directly invalidated sources: Set()

Sources indirectly invalidated by:
	product: Set()
	binary dep: Set()
	external source: Set()
All initially invalidated sources: Set()

Copy resource mappings: 
	
Total time: 0 s, completed 01-Mar-2016 16:40:11
> server-post-command-cleanup
> server-handle-next-server-request
Done executing sbt server engine, result Right(Exit(0))
Closing listening server socket
Waiting for socket thread
Waiting for request processor thread
Waiting for command engine result
Returning control to sbt launcher with result Exit(0)
Closing the 6356@DESKTOP-7UG7O8D logs at Tue Mar 01 17:37:16 GMT 2016, goodbye.
